-------------------------------------------------------------------------------
Test set: ccc.ufcg.edu.br.ProjetoSI.unitTest.CaronaTest
-------------------------------------------------------------------------------
Tests run: 4, Failures: 4, Errors: 0, Skipped: 0, Time elapsed: 0.028 sec <<< FAILURE!
ccc.ufcg.edu.br.ProjetoSI.unitTest.CaronaTest.testCarona()  Time elapsed: 0.013 sec  <<< FAILURE!
java.lang.NoClassDefFoundError: org/junit/Assert
	at ccc.ufcg.edu.br.ProjetoSI.unitTest.CaronaTest.testCarona(CaronaTest.java:28)
Caused by: java.lang.ClassNotFoundException: org.junit.Assert
	at java.net.URLClassLoader$1.run(Unknown Source)
	at java.net.URLClassLoader$1.run(Unknown Source)
	at java.security.AccessController.doPrivileged(Native Method)
	at java.net.URLClassLoader.findClass(Unknown Source)
	at java.lang.ClassLoader.loadClass(Unknown Source)
	at sun.misc.Launcher$AppClassLoader.loadClass(Unknown Source)
	at java.lang.ClassLoader.loadClass(Unknown Source)
	... 19 more

ccc.ufcg.edu.br.ProjetoSI.unitTest.CaronaTest.testGetTrajeto()  Time elapsed: 0.001 sec  <<< FAILURE!
java.lang.NullPointerException
	at ccc.ufcg.edu.br.ProjetoSI.unitTest.CaronaTest.testGetTrajeto(CaronaTest.java:80)

ccc.ufcg.edu.br.ProjetoSI.unitTest.CaronaTest.testGetAtributo()  Time elapsed: 0.001 sec  <<< FAILURE!
java.lang.NullPointerException
	at ccc.ufcg.edu.br.ProjetoSI.unitTest.CaronaTest.testGetAtributo(CaronaTest.java:87)

ccc.ufcg.edu.br.ProjetoSI.unitTest.CaronaTest.testGetCarona()  Time elapsed: 0.001 sec  <<< FAILURE!
java.lang.NullPointerException
	at ccc.ufcg.edu.br.ProjetoSI.unitTest.CaronaTest.testGetCarona(CaronaTest.java:97)

