<?xml version="1.0" encoding="UTF-8" ?>
<testsuite failures="7" time="0.037" errors="0" skipped="0" tests="8" name="ccc.ufcg.edu.br.ProjetoSI.unitTest.SolicitacaoTest">
  <properties>
    <property name="java.runtime.name" value="Java(TM) SE Runtime Environment"/>
    <property name="sun.boot.library.path" value="C:\Program Files\Java\jre7\bin"/>
    <property name="java.vm.version" value="22.1-b02"/>
    <property name="java.vm.vendor" value="Oracle Corporation"/>
    <property name="java.vendor.url" value="http://java.oracle.com/"/>
    <property name="path.separator" value=";"/>
    <property name="java.vm.name" value="Java HotSpot(TM) Client VM"/>
    <property name="file.encoding.pkg" value="sun.io"/>
    <property name="user.script" value=""/>
    <property name="user.country" value="BR"/>
    <property name="sun.java.launcher" value="SUN_STANDARD"/>
    <property name="sun.os.patch.level" value="Service Pack 1"/>
    <property name="java.vm.specification.name" value="Java Virtual Machine Specification"/>
    <property name="user.dir" value="C:\Users\Italo\git\SIProject\ProjetoSI"/>
    <property name="java.runtime.version" value="1.7.0_03-b05"/>
    <property name="java.awt.graphicsenv" value="sun.awt.Win32GraphicsEnvironment"/>
    <property name="basedir" value="C:\Users\Italo\git\SIProject\ProjetoSI"/>
    <property name="java.endorsed.dirs" value="C:\Program Files\Java\jre7\lib\endorsed"/>
    <property name="os.arch" value="x86"/>
    <property name="surefire.real.class.path" value="C:\Users\Italo\git\SIProject\ProjetoSI\target\surefire\surefirebooter806543965610025541.jar"/>
    <property name="java.io.tmpdir" value="C:\Users\Italo\AppData\Local\Temp\"/>
    <property name="line.separator" value="
"/>
    <property name="java.vm.specification.vendor" value="Oracle Corporation"/>
    <property name="user.variant" value=""/>
    <property name="os.name" value="Windows 7"/>
    <property name="sun.jnu.encoding" value="Cp1252"/>
    <property name="java.library.path" value="C:\Program Files\Java\jre7\bin;C:\Windows\Sun\Java\bin;C:\Windows\system32;C:\Windows;C:/Program Files/Java/jre7/bin/client;C:/Program Files/Java/jre7/bin;C:/Program Files/Java/jre7/lib/i386;C:\Windows\system32;C:\Windows;C:\Windows\System32\Wbem;C:\Windows\System32\WindowsPowerShell\v1.0\;C:\Users\Italo\Downloads\eclipse;;."/>
    <property name="surefire.test.class.path" value="C:\Users\Italo\git\SIProject\ProjetoSI\target\test-classes;C:\Users\Italo\git\SIProject\ProjetoSI\target\classes;C:\Users\Italo\.m2\repository\junit\junit\3.8.1\junit-3.8.1.jar;"/>
    <property name="java.specification.name" value="Java Platform API Specification"/>
    <property name="java.class.version" value="51.0"/>
    <property name="sun.management.compiler" value="HotSpot Client Compiler"/>
    <property name="os.version" value="6.1"/>
    <property name="user.home" value="C:\Users\Italo"/>
    <property name="user.timezone" value=""/>
    <property name="java.awt.printerjob" value="sun.awt.windows.WPrinterJob"/>
    <property name="java.specification.version" value="1.7"/>
    <property name="file.encoding" value="Cp1252"/>
    <property name="user.name" value="Italo"/>
    <property name="java.class.path" value="C:\Users\Italo\git\SIProject\ProjetoSI\target\test-classes;C:\Users\Italo\git\SIProject\ProjetoSI\target\classes;C:\Users\Italo\.m2\repository\junit\junit\3.8.1\junit-3.8.1.jar;"/>
    <property name="java.vm.specification.version" value="1.7"/>
    <property name="sun.arch.data.model" value="32"/>
    <property name="java.home" value="C:\Program Files\Java\jre7"/>
    <property name="sun.java.command" value="C:\Users\Italo\git\SIProject\ProjetoSI\target\surefire\surefirebooter806543965610025541.jar C:\Users\Italo\git\SIProject\ProjetoSI\target\surefire\surefire3976511311211605626tmp C:\Users\Italo\git\SIProject\ProjetoSI\target\surefire\surefire6893889397785178064tmp"/>
    <property name="java.specification.vendor" value="Oracle Corporation"/>
    <property name="user.language" value="pt"/>
    <property name="awt.toolkit" value="sun.awt.windows.WToolkit"/>
    <property name="java.vm.info" value="mixed mode, sharing"/>
    <property name="java.version" value="1.7.0_03"/>
    <property name="java.ext.dirs" value="C:\Program Files\Java\jre7\lib\ext;C:\Windows\Sun\Java\lib\ext"/>
    <property name="sun.boot.class.path" value="C:\Program Files\Java\jre7\lib\resources.jar;C:\Program Files\Java\jre7\lib\rt.jar;C:\Program Files\Java\jre7\lib\sunrsasign.jar;C:\Program Files\Java\jre7\lib\jsse.jar;C:\Program Files\Java\jre7\lib\jce.jar;C:\Program Files\Java\jre7\lib\charsets.jar;C:\Program Files\Java\jre7\classes"/>
    <property name="java.vendor" value="Oracle Corporation"/>
    <property name="localRepository" value="C:\Users\Italo\.m2\repository"/>
    <property name="file.separator" value="\"/>
    <property name="java.vendor.url.bug" value="http://bugreport.sun.com/bugreport/"/>
    <property name="sun.cpu.endian" value="little"/>
    <property name="sun.io.unicode.encoding" value="UnicodeLittle"/>
    <property name="sun.desktop" value="windows"/>
    <property name="sun.cpu.isalist" value="pentium_pro+mmx pentium_pro pentium+mmx pentium i486 i386 i86"/>
  </properties>
  <testcase time="0" classname="ccc.ufcg.edu.br.ProjetoSI.unitTest.SolicitacaoTest" name="ccc.ufcg.edu.br.ProjetoSI.unitTest.SolicitacaoTest.testGetAtributo"/>
  <testcase time="0.008" classname="ccc.ufcg.edu.br.ProjetoSI.unitTest.SolicitacaoTest" name="ccc.ufcg.edu.br.ProjetoSI.unitTest.SolicitacaoTest.testSolicitacao">
    <failure message="org/junit/Assert" type="java.lang.NoClassDefFoundError">java.lang.NoClassDefFoundError: org/junit/Assert
	at ccc.ufcg.edu.br.ProjetoSI.unitTest.SolicitacaoTest.testSolicitacao(SolicitacaoTest.java:21)
Caused by: java.lang.ClassNotFoundException: org.junit.Assert
	at java.net.URLClassLoader$1.run(Unknown Source)
	at java.net.URLClassLoader$1.run(Unknown Source)
	at java.security.AccessController.doPrivileged(Native Method)
	at java.net.URLClassLoader.findClass(Unknown Source)
	at java.lang.ClassLoader.loadClass(Unknown Source)
	at sun.misc.Launcher$AppClassLoader.loadClass(Unknown Source)
	at java.lang.ClassLoader.loadClass(Unknown Source)
	... 19 more
</failure>
  </testcase>
  <testcase time="0.003" classname="ccc.ufcg.edu.br.ProjetoSI.unitTest.SolicitacaoTest" name="ccc.ufcg.edu.br.ProjetoSI.unitTest.SolicitacaoTest.testGetOrigem">
    <failure message="org/junit/Assert" type="java.lang.NoClassDefFoundError">java.lang.NoClassDefFoundError: org/junit/Assert
	at ccc.ufcg.edu.br.ProjetoSI.unitTest.SolicitacaoTest.testGetOrigem(SolicitacaoTest.java:31)
</failure>
  </testcase>
  <testcase time="0.002" classname="ccc.ufcg.edu.br.ProjetoSI.unitTest.SolicitacaoTest" name="ccc.ufcg.edu.br.ProjetoSI.unitTest.SolicitacaoTest.testSetOrigem">
    <failure message="org/junit/Assert" type="java.lang.NoClassDefFoundError">java.lang.NoClassDefFoundError: org/junit/Assert
	at ccc.ufcg.edu.br.ProjetoSI.unitTest.SolicitacaoTest.testSetOrigem(SolicitacaoTest.java:36)
</failure>
  </testcase>
  <testcase time="0.002" classname="ccc.ufcg.edu.br.ProjetoSI.unitTest.SolicitacaoTest" name="ccc.ufcg.edu.br.ProjetoSI.unitTest.SolicitacaoTest.testGetDestino">
    <failure message="org/junit/Assert" type="java.lang.NoClassDefFoundError">java.lang.NoClassDefFoundError: org/junit/Assert
	at ccc.ufcg.edu.br.ProjetoSI.unitTest.SolicitacaoTest.testGetDestino(SolicitacaoTest.java:41)
</failure>
  </testcase>
  <testcase time="0.002" classname="ccc.ufcg.edu.br.ProjetoSI.unitTest.SolicitacaoTest" name="ccc.ufcg.edu.br.ProjetoSI.unitTest.SolicitacaoTest.testSetDestino">
    <failure message="org/junit/Assert" type="java.lang.NoClassDefFoundError">java.lang.NoClassDefFoundError: org/junit/Assert
	at ccc.ufcg.edu.br.ProjetoSI.unitTest.SolicitacaoTest.testSetDestino(SolicitacaoTest.java:46)
</failure>
  </testcase>
  <testcase time="0.005" classname="ccc.ufcg.edu.br.ProjetoSI.unitTest.SolicitacaoTest" name="ccc.ufcg.edu.br.ProjetoSI.unitTest.SolicitacaoTest.testGetPontoEncontro">
    <failure message="org/junit/Assert" type="java.lang.NoClassDefFoundError">java.lang.NoClassDefFoundError: org/junit/Assert
	at ccc.ufcg.edu.br.ProjetoSI.unitTest.SolicitacaoTest.testGetPontoEncontro(SolicitacaoTest.java:51)
</failure>
  </testcase>
  <testcase time="0.002" classname="ccc.ufcg.edu.br.ProjetoSI.unitTest.SolicitacaoTest" name="ccc.ufcg.edu.br.ProjetoSI.unitTest.SolicitacaoTest.testSetPontoEncontro">
    <failure message="org/junit/Assert" type="java.lang.NoClassDefFoundError">java.lang.NoClassDefFoundError: org/junit/Assert
	at ccc.ufcg.edu.br.ProjetoSI.unitTest.SolicitacaoTest.testSetPontoEncontro(SolicitacaoTest.java:56)
</failure>
  </testcase>
</testsuite>