<?xml version="1.0" encoding="UTF-8" ?>
<testsuite failures="4" time="0.03" errors="0" skipped="0" tests="4" name="ccc.ufcg.edu.br.ProjetoSI.unitTest.CaronaTest">
  <properties>
[...]
</properties>
  <testcase time="0.014" classname="ccc.ufcg.edu.br.ProjetoSI.unitTest.CaronaTest" name="ccc.ufcg.edu.br.ProjetoSI.unitTest.CaronaTest.testCarona">
    <failure message="org/junit/Assert" type="java.lang.NoClassDefFoundError">java.lang.NoClassDefFoundError: org/junit/Assert
	at ccc.ufcg.edu.br.ProjetoSI.unitTest.CaronaTest.testCarona(CaronaTest.java:28)
Caused by: java.lang.ClassNotFoundException: org.junit.Assert
	at java.net.URLClassLoader$1.run(Unknown Source)
	at java.net.URLClassLoader$1.run(Unknown Source)
	at java.security.AccessController.doPrivileged(Native Method)
	at java.net.URLClassLoader.findClass(Unknown Source)
	at java.lang.ClassLoader.loadClass(Unknown Source)
	at sun.misc.Launcher$AppClassLoader.loadClass(Unknown Source)
	at java.lang.ClassLoader.loadClass(Unknown Source)
	... 19 more
</failure>
    <system-out>@HL
@HL-------------------------------------------------------
@HL T E S T S
@HL-------------------------------------------------------
@SLRunning ccc.ufcg.edu.br.ProjetoSI.SistemaCaronasTest
@SLTests run: 0, Failures: 0, Errors: 0, Skipped: 0, Time elapsed: 0.02 sec
@SLRunning ccc.ufcg.edu.br.ProjetoSI.unitTest.CaronaTest
</system-out>
  </testcase>
  <testcase time="0.002" classname="ccc.ufcg.edu.br.ProjetoSI.unitTest.CaronaTest" name="ccc.ufcg.edu.br.ProjetoSI.unitTest.CaronaTest.testGetTrajeto">
    <failure type="java.lang.NullPointerException">java.lang.NullPointerException
	at ccc.ufcg.edu.br.ProjetoSI.unitTest.CaronaTest.testGetTrajeto(CaronaTest.java:80)
</failure>
  </testcase>
  <testcase time="0.002" classname="ccc.ufcg.edu.br.ProjetoSI.unitTest.CaronaTest" name="ccc.ufcg.edu.br.ProjetoSI.unitTest.CaronaTest.testGetAtributo">
    <failure type="java.lang.NullPointerException">java.lang.NullPointerException
	at ccc.ufcg.edu.br.ProjetoSI.unitTest.CaronaTest.testGetAtributo(CaronaTest.java:87)
</failure>
  </testcase>
  <testcase time="0.002" classname="ccc.ufcg.edu.br.ProjetoSI.unitTest.CaronaTest" name="ccc.ufcg.edu.br.ProjetoSI.unitTest.CaronaTest.testGetCarona">
    <failure type="java.lang.NullPointerException">java.lang.NullPointerException
	at ccc.ufcg.edu.br.ProjetoSI.unitTest.CaronaTest.testGetCarona(CaronaTest.java:97)
</failure>
  </testcase>
</testsuite>