<?xml version="1.0" encoding="UTF-8" ?>
<testsuite failures="7" time="0.037" errors="0" skipped="0" tests="8" name="ccc.ufcg.edu.br.ProjetoSI.unitTest.SolicitacaoTest">
  <properties>
[...]
</properties>
  <testcase time="0" classname="ccc.ufcg.edu.br.ProjetoSI.unitTest.SolicitacaoTest" name="ccc.ufcg.edu.br.ProjetoSI.unitTest.SolicitacaoTest.testGetAtributo"/>
  <testcase time="0.008" classname="ccc.ufcg.edu.br.ProjetoSI.unitTest.SolicitacaoTest" name="ccc.ufcg.edu.br.ProjetoSI.unitTest.SolicitacaoTest.testSolicitacao">
    <failure message="org/junit/Assert" type="java.lang.NoClassDefFoundError">java.lang.NoClassDefFoundError: org/junit/Assert
	at ccc.ufcg.edu.br.ProjetoSI.unitTest.SolicitacaoTest.testSolicitacao(SolicitacaoTest.java:21)
Caused by: java.lang.ClassNotFoundException: org.junit.Assert
	at java.net.URLClassLoader$1.run(Unknown Source)
	at java.net.URLClassLoader$1.run(Unknown Source)
	at java.security.AccessController.doPrivileged(Native Method)
	at java.net.URLClassLoader.findClass(Unknown Source)
	at java.lang.ClassLoader.loadClass(Unknown Source)
	at sun.misc.Launcher$AppClassLoader.loadClass(Unknown Source)
	at java.lang.ClassLoader.loadClass(Unknown Source)
	... 19 more
</failure>
  </testcase>
  <testcase time="0.003" classname="ccc.ufcg.edu.br.ProjetoSI.unitTest.SolicitacaoTest" name="ccc.ufcg.edu.br.ProjetoSI.unitTest.SolicitacaoTest.testGetOrigem">
    <failure message="org/junit/Assert" type="java.lang.NoClassDefFoundError">java.lang.NoClassDefFoundError: org/junit/Assert
	at ccc.ufcg.edu.br.ProjetoSI.unitTest.SolicitacaoTest.testGetOrigem(SolicitacaoTest.java:31)
</failure>
  </testcase>
  <testcase time="0.002" classname="ccc.ufcg.edu.br.ProjetoSI.unitTest.SolicitacaoTest" name="ccc.ufcg.edu.br.ProjetoSI.unitTest.SolicitacaoTest.testSetOrigem">
    <failure message="org/junit/Assert" type="java.lang.NoClassDefFoundError">java.lang.NoClassDefFoundError: org/junit/Assert
	at ccc.ufcg.edu.br.ProjetoSI.unitTest.SolicitacaoTest.testSetOrigem(SolicitacaoTest.java:36)
</failure>
  </testcase>
  <testcase time="0.002" classname="ccc.ufcg.edu.br.ProjetoSI.unitTest.SolicitacaoTest" name="ccc.ufcg.edu.br.ProjetoSI.unitTest.SolicitacaoTest.testGetDestino">
    <failure message="org/junit/Assert" type="java.lang.NoClassDefFoundError">java.lang.NoClassDefFoundError: org/junit/Assert
	at ccc.ufcg.edu.br.ProjetoSI.unitTest.SolicitacaoTest.testGetDestino(SolicitacaoTest.java:41)
</failure>
  </testcase>
  <testcase time="0.002" classname="ccc.ufcg.edu.br.ProjetoSI.unitTest.SolicitacaoTest" name="ccc.ufcg.edu.br.ProjetoSI.unitTest.SolicitacaoTest.testSetDestino">
    <failure message="org/junit/Assert" type="java.lang.NoClassDefFoundError">java.lang.NoClassDefFoundError: org/junit/Assert
	at ccc.ufcg.edu.br.ProjetoSI.unitTest.SolicitacaoTest.testSetDestino(SolicitacaoTest.java:46)
</failure>
  </testcase>
  <testcase time="0.005" classname="ccc.ufcg.edu.br.ProjetoSI.unitTest.SolicitacaoTest" name="ccc.ufcg.edu.br.ProjetoSI.unitTest.SolicitacaoTest.testGetPontoEncontro">
    <failure message="org/junit/Assert" type="java.lang.NoClassDefFoundError">java.lang.NoClassDefFoundError: org/junit/Assert
	at ccc.ufcg.edu.br.ProjetoSI.unitTest.SolicitacaoTest.testGetPontoEncontro(SolicitacaoTest.java:51)
</failure>
  </testcase>
  <testcase time="0.002" classname="ccc.ufcg.edu.br.ProjetoSI.unitTest.SolicitacaoTest" name="ccc.ufcg.edu.br.ProjetoSI.unitTest.SolicitacaoTest.testSetPontoEncontro">
    <failure message="org/junit/Assert" type="java.lang.NoClassDefFoundError">java.lang.NoClassDefFoundError: org/junit/Assert
	at ccc.ufcg.edu.br.ProjetoSI.unitTest.SolicitacaoTest.testSetPontoEncontro(SolicitacaoTest.java:56)
</failure>
  </testcase>
</testsuite>